<?xml version='1.0' encoding='UTF-8'?>
<testsuite hostname="OCS449-MacBook-Pro.local" name="Day05.HydrothermalVentureTests" tests="16" errors="0" failures="0" skipped="0" time="0.393" timestamp="2021-12-11T17:36:10">
          <properties>
      <property name="jline.esc.timeout" value="0"/><property name="jna.platform.library.path" value="/usr/lib:/usr/lib"/><property name="java.runtime.name" value="OpenJDK Runtime Environment"/><property name="coursier.main.arg-0" value="test"/><property name="sun.boot.library.path" value="/Users/tommckeown/Library/Caches/Coursier/arc/https/github.com/AdoptOpenJDK/openjdk8-binaries/releases/download/jdk8u292-b10/OpenJDK8U-jdk_x64_mac_hotspot_8u292b10.tar.gz/jdk8u292-b10/Contents/Home/jre/lib"/><property name="java.vm.version" value="25.292-b10"/><property name="gopherProxySet" value="false"/><property name="java.vm.vendor" value="AdoptOpenJDK"/><property name="java.vendor.url" value="https://adoptopenjdk.net/"/><property name="path.separator" value=":"/><property name="jna.loaded" value="true"/><property name="java.vm.name" value="OpenJDK 64-Bit Server VM"/><property name="file.encoding.pkg" value="sun.io"/><property name="user.country" value="GB"/><property name="sun.java.launcher" value="SUN_STANDARD"/><property name="sun.os.patch.level" value="unknown"/><property name="jna.nosys" value="true"/><property name="java.vm.specification.name" value="Java Virtual Machine Specification"/><property name="user.dir" value="/Users/tommckeown/Documents/dev/AdventOfCode2021"/><property name="java.runtime.version" value="1.8.0_292-b10"/><property name="java.awt.graphicsenv" value="sun.awt.CGraphicsEnvironment"/><property name="java.endorsed.dirs" value="/Users/tommckeown/Library/Caches/Coursier/arc/https/github.com/AdoptOpenJDK/openjdk8-binaries/releases/download/jdk8u292-b10/OpenJDK8U-jdk_x64_mac_hotspot_8u292b10.tar.gz/jdk8u292-b10/Contents/Home/jre/lib/endorsed"/><property name="os.arch" value="x86_64"/><property name="java.io.tmpdir" value="/var/folders/py/57wl5pp976dbwhfw8dp5khl00000gp/T/"/><property name="line.separator" value="
"/><property name="java.vm.specification.vendor" value="Oracle Corporation"/><property name="log4j.ignoreTCL" value="true"/><property name="os.name" value="Mac OS X"/><property name="sun.jnu.encoding" value="UTF-8"/><property name="jnidispatch.path" value="/Users/tommckeown/Library/Caches/JNA/temp/jna7941627154293499938.tmp"/><property name="java.library.path" value="/Users/tommckeown/Library/Java/Extensions:/Library/Java/Extensions:/Network/Library/Java/Extensions:/System/Library/Java/Extensions:/usr/lib/java:."/><property name="java.specification.name" value="Java Platform API Specification"/><property name="java.class.version" value="52.0"/><property name="sun.management.compiler" value="HotSpot 64-Bit Tiered Compilers"/><property name="os.version" value="10.16"/><property name="coursier.mainJar" value="/Users/tommckeown/Library/Application Support/Coursier/bin/sbt"/><property name="http.nonProxyHosts" value="local|*.local|169.254/16|*.169.254/16"/><property name="swoval.tmpdir" value="/Users/tommckeown/.sbt/1.0"/><property name="user.home" value="/Users/tommckeown"/><property name="user.timezone" value="Europe/London"/><property name="java.awt.printerjob" value="sun.lwawt.macosx.CPrinterJob"/><property name="file.encoding" value="UTF-8"/><property name="java.specification.version" value="1.8"/><property name="java.class.path" value="/Users/tommckeown/Library/Application Support/Coursier/bin/sbt:/Users/tommckeown/Library/Caches/Coursier/v1/https/repo1.maven.org/maven2/io/get-coursier/sbt/sbt-runner/0.2.0/sbt-runner-0.2.0.jar:/Users/tommckeown/Library/Caches/Coursier/v1/https/repo1.maven.org/maven2/org/scala-sbt/sbt-launch/1.5.5/sbt-launch-1.5.5.jar"/><property name="user.name" value="tommckeown"/><property name="jline.shutdownhook" value="false"/><property name="java.vm.specification.version" value="1.8"/><property name="sun.java.command" value="/Users/tommckeown/Library/Application Support/Coursier/bin/sbt test"/><property name="java.home" value="/Users/tommckeown/Library/Caches/Coursier/arc/https/github.com/AdoptOpenJDK/openjdk8-binaries/releases/download/jdk8u292-b10/OpenJDK8U-jdk_x64_mac_hotspot_8u292b10.tar.gz/jdk8u292-b10/Contents/Home/jre"/><property name="sun.arch.data.model" value="64"/><property name="user.language" value="en"/><property name="java.specification.vendor" value="Oracle Corporation"/><property name="awt.toolkit" value="sun.lwawt.macosx.LWCToolkit"/><property name="java.vm.info" value="mixed mode"/><property name="bootstrap.mainClass" value="xsbt.boot.Boot"/><property name="java.version" value="1.8.0_292"/><property name="sbt-launch.version" value="1.5.5"/><property name="java.ext.dirs" value="/Users/tommckeown/Library/Java/Extensions:/Users/tommckeown/Library/Caches/Coursier/arc/https/github.com/AdoptOpenJDK/openjdk8-binaries/releases/download/jdk8u292-b10/OpenJDK8U-jdk_x64_mac_hotspot_8u292b10.tar.gz/jdk8u292-b10/Contents/Home/jre/lib/ext:/Library/Java/Extensions:/Network/Library/Java/Extensions:/System/Library/Java/Extensions:/usr/lib/java"/><property name="sun.boot.class.path" value="/Users/tommckeown/Library/Caches/Coursier/arc/https/github.com/AdoptOpenJDK/openjdk8-binaries/releases/download/jdk8u292-b10/OpenJDK8U-jdk_x64_mac_hotspot_8u292b10.tar.gz/jdk8u292-b10/Contents/Home/jre/lib/resources.jar:/Users/tommckeown/Library/Caches/Coursier/arc/https/github.com/AdoptOpenJDK/openjdk8-binaries/releases/download/jdk8u292-b10/OpenJDK8U-jdk_x64_mac_hotspot_8u292b10.tar.gz/jdk8u292-b10/Contents/Home/jre/lib/rt.jar:/Users/tommckeown/Library/Caches/Coursier/arc/https/github.com/AdoptOpenJDK/openjdk8-binaries/releases/download/jdk8u292-b10/OpenJDK8U-jdk_x64_mac_hotspot_8u292b10.tar.gz/jdk8u292-b10/Contents/Home/jre/lib/sunrsasign.jar:/Users/tommckeown/Library/Caches/Coursier/arc/https/github.com/AdoptOpenJDK/openjdk8-binaries/releases/download/jdk8u292-b10/OpenJDK8U-jdk_x64_mac_hotspot_8u292b10.tar.gz/jdk8u292-b10/Contents/Home/jre/lib/jsse.jar:/Users/tommckeown/Library/Caches/Coursier/arc/https/github.com/AdoptOpenJDK/openjdk8-binaries/releases/download/jdk8u292-b10/OpenJDK8U-jdk_x64_mac_hotspot_8u292b10.tar.gz/jdk8u292-b10/Contents/Home/jre/lib/jce.jar:/Users/tommckeown/Library/Caches/Coursier/arc/https/github.com/AdoptOpenJDK/openjdk8-binaries/releases/download/jdk8u292-b10/OpenJDK8U-jdk_x64_mac_hotspot_8u292b10.tar.gz/jdk8u292-b10/Contents/Home/jre/lib/charsets.jar:/Users/tommckeown/Library/Caches/Coursier/arc/https/github.com/AdoptOpenJDK/openjdk8-binaries/releases/download/jdk8u292-b10/OpenJDK8U-jdk_x64_mac_hotspot_8u292b10.tar.gz/jdk8u292-b10/Contents/Home/jre/lib/jfr.jar:/Users/tommckeown/Library/Caches/Coursier/arc/https/github.com/AdoptOpenJDK/openjdk8-binaries/releases/download/jdk8u292-b10/OpenJDK8U-jdk_x64_mac_hotspot_8u292b10.tar.gz/jdk8u292-b10/Contents/Home/jre/classes"/><property name="java.vendor" value="AdoptOpenJDK"/><property name="file.separator" value="/"/><property name="java.vendor.url.bug" value="https://github.com/AdoptOpenJDK/openjdk-support/issues"/><property name="sun.io.unicode.encoding" value="UnicodeBig"/><property name="sun.cpu.endian" value="little"/><property name="socksNonProxyHosts" value="local|*.local|169.254/16|*.169.254/16"/><property name="ftp.nonProxyHosts" value="local|*.local|169.254/16|*.169.254/16"/><property name="sun.cpu.isalist" value=""/>
    </properties>
          <testcase classname="Day05.HydrothermalVentureTests" name="Vent input tests Get axial vent line from the example string '0,9 -&gt; 5,9' Should return an array of integer tuples { (0,9), (1,9), (2,9), (3,9), (4,9), (5,9) }" time="0.041">
                      
                    </testcase><testcase classname="Day05.HydrothermalVentureTests" name="Vent input tests Get axial vent line from the example string '9,7 -&gt; 7,7' Should return an array of integer tuples { (9,7), (8,7), (7,7) }" time="0.001">
                      
                    </testcase><testcase classname="Day05.HydrothermalVentureTests" name="Vent input tests Get axial vent line from the example string '0,0 -&gt; 0,2' Should return an array of integer tuples { (0,0), (0,1), (0,2) }" time="0.0">
                      
                    </testcase><testcase classname="Day05.HydrothermalVentureTests" name="Vent input tests Get axial vent line from the example string '4,7 -&gt; 4,5' Should return an array of integer tuples { (4,7), (4,6), (4,5) }" time="0.001">
                      
                    </testcase><testcase classname="Day05.HydrothermalVentureTests" name="Vent input tests Get diagonal vent line from the example string '3,0 -&gt; 0,3' Should return an array of integer tuples { (3,0), (2,1), (1,2), (0,3) }" time="0.001">
                      
                    </testcase><testcase classname="Day05.HydrothermalVentureTests" name="Vent input tests Get example data filtered for only axial lines Should return the example data with only vent lines that are either horizontal or vertical (axial)" time="0.001">
                      
                    </testcase><testcase classname="Day05.HydrothermalVentureTests" name="Vent input tests Get all vent lines from example data (filtered for only axial lines) Should return an array of arrays of integer tuples { (0,9)-&gt;(5,9), (9,4)-&gt;(3,4), (2,2)-&gt;(2,1), (7,0)-&gt;(7,4), (0,9)-&gt;(2,9), (3,4)-&gt;(1,4) }" time="0.002">
                      
                    </testcase><testcase classname="Day05.HydrothermalVentureTests" name="Vent input tests Get all vent lines from example data Should return an array of integer tuples matching the example data input" time="0.001">
                      
                    </testcase><testcase classname="Day05.HydrothermalVentureTests" name="Diagram tests Get the vent diagram values for example data (filtered for only axial lines) Should return an accurate diagram" time="0.001">
                      
                    </testcase><testcase classname="Day05.HydrothermalVentureTests" name="Diagram tests Get the vent diagram for example data (filtered for only axial lines) Should return an accurate diagram" time="0.001">
                      
                    </testcase><testcase classname="Day05.HydrothermalVentureTests" name="Diagram tests Get the number of overlaps for example data (filtered for only axial lines) Should return 5" time="0.002">
                      
                    </testcase><testcase classname="Day05.HydrothermalVentureTests" name="Diagram tests Get the number of overlaps for task data (filtered for only axial lines) Should return 5632" time="0.132">
                      
                    </testcase><testcase classname="Day05.HydrothermalVentureTests" name="Diagram tests Get the vent diagram values for example data Should return an accurate diagram" time="0.001">
                      
                    </testcase><testcase classname="Day05.HydrothermalVentureTests" name="Diagram tests Get the vent diagram for example data Should return an accurate diagram" time="0.001">
                      
                    </testcase><testcase classname="Day05.HydrothermalVentureTests" name="Diagram tests Get the number of overlaps for example data Should return 12" time="0.0">
                      
                    </testcase><testcase classname="Day05.HydrothermalVentureTests" name="Diagram tests Get the number of overlaps for task data Should return 22213" time="0.207">
                      
                    </testcase>
          <system-out><![CDATA[]]></system-out>
          <system-err><![CDATA[]]></system-err>
        </testsuite>